Build started 10.04.2015 21:34:11.
     1>Project "C:\Users\User\Git\SOIAstd\SOIA\Source\Environment\Environment.vcxproj" on node 2 (Rebuild target(s)).
     1>Rebuild:
         make --eval=def_IDE_VisualStudio:=1 -C ../ rebuild
         make: Entering directory '/c/Users/User/Git/SOIAstd/SOIA/Source'
         make -C Environment -f Makefile.generated.mk clean
         make[1]: Entering directory '/c/Users/User/Git/SOIAstd/SOIA/Source/Environment'
         Environment: Cleaned intermediate and binary folder.
         make[1]: Leaving directory '/c/Users/User/Git/SOIAstd/SOIA/Source/Environment'
         make -C Graphics -f Makefile.generated.mk clean
         make[1]: Entering directory '/c/Users/User/Git/SOIAstd/SOIA/Source/Graphics'
         Graphics: Cleaned intermediate and binary folder.
         make[1]: Leaving directory '/c/Users/User/Git/SOIAstd/SOIA/Source/Graphics'
         make -C Apprentice -f Makefile.generated.mk clean
         make[1]: Entering directory '/c/Users/User/Git/SOIAstd/SOIA/Source/Apprentice'
         Apprentice: Cleaned intermediate and binary folder.
         make[1]: Leaving directory '/c/Users/User/Git/SOIAstd/SOIA/Source/Apprentice'
         make -C Supervisor -f Makefile.generated.mk clean
         make[1]: Entering directory '/c/Users/User/Git/SOIAstd/SOIA/Source/Supervisor'
         Supervisor: Cleaned intermediate and binary folder.
         make[1]: Leaving directory '/c/Users/User/Git/SOIAstd/SOIA/Source/Supervisor'
         make -C Programs/UnitTest -f Makefile.generated.mk clean
         make[1]: Entering directory '/c/Users/User/Git/SOIAstd/SOIA/Source/Programs/UnitTest'
         Programs/UnitTest: Cleaned intermediate and binary folder.
         make[1]: Leaving directory '/c/Users/User/Git/SOIAstd/SOIA/Source/Programs/UnitTest'
         make -C Environment -f Makefile.generated.mk all
         make[1]: Entering directory '/c/Users/User/Git/SOIAstd/SOIA/Source/Environment'
         echo Environment \> Compiling... File.obj
         Environment > Compiling... File.obj
         #ifdef def_IDE_VisualStudio
         cl.exe -I../../Source/Environment/File/Classes/ -I../../Source/Environment/Mathematics/DataStructures/Classes/ -I../../Source/Environment/Mathematics/Functions/Classes/ -I../../Source/Environment/Mathematics/Random/Classes/ -I../../Source/Environment/Reflection/NameAttribute/Classes/ -I../../Source/Environment/Reflection/TypeAttribute/Classes/ -I../../Source/Environment/Thread/Classes/ -I../../Source/Environment/File/Public/ -I../../Source/Environment/Mathematics/DataStructures/Public/ -I../../Source/Environment/Mathematics/Functions/Public/ -I../../Source/Environment/Mathematics/Random/Public/ -I../../Source/Environment/Reflection/NameAttribute/Public/ -I../../Source/Environment/Reflection/TypeAttribute/Public/ -I../../Source/Environment/Thread/Public/  -Zi -nologo -EHsc -Ddef_CCCL -Od -c ../../Source/Environment/File/Private/File.cpp -Fo../../Intermediate/Environment/File/File.obj 
         File.cpp
         #else
         #	@cl.exe -I../../Source/Environment/File/Classes/ -I../../Source/Environment/Mathematics/DataStructures/Classes/ -I../../Source/Environment/Mathematics/Functions/Classes/ -I../../Source/Environment/Mathematics/Random/Classes/ -I../../Source/Environment/Reflection/NameAttribute/Classes/ -I../../Source/Environment/Reflection/TypeAttribute/Classes/ -I../../Source/Environment/Thread/Classes/ -I../../Source/Environment/File/Public/ -I../../Source/Environment/Mathematics/DataStructures/Public/ -I../../Source/Environment/Mathematics/Functions/Public/ -I../../Source/Environment/Mathematics/Random/Public/ -I../../Source/Environment/Reflection/NameAttribute/Public/ -I../../Source/Environment/Reflection/TypeAttribute/Public/ -I../../Source/Environment/Thread/Public/  -Zi -nologo -EHsc -Ddef_CCCL -Od -c  -o ../../Intermediate/Environment/File/File.obj
         #endif
         echo Environment \> Compiling... ReversedExponentialFunction.obj
         Environment > Compiling... ReversedExponentialFunction.obj
         #ifdef def_IDE_VisualStudio
         cl.exe -I../../Source/Environment/File/Classes/ -I../../Source/Environment/Mathematics/DataStructures/Classes/ -I../../Source/Environment/Mathematics/Functions/Classes/ -I../../Source/Environment/Mathematics/Random/Classes/ -I../../Source/Environment/Reflection/NameAttribute/Classes/ -I../../Source/Environment/Reflection/TypeAttribute/Classes/ -I../../Source/Environment/Thread/Classes/ -I../../Source/Environment/File/Public/ -I../../Source/Environment/Mathematics/DataStructures/Public/ -I../../Source/Environment/Mathematics/Functions/Public/ -I../../Source/Environment/Mathematics/Random/Public/ -I../../Source/Environment/Reflection/NameAttribute/Public/ -I../../Source/Environment/Reflection/TypeAttribute/Public/ -I../../Source/Environment/Thread/Public/  -Zi -nologo -EHsc -Ddef_CCCL -Od -c ../../Source/Environment/Mathematics/Functions/Private/ReversedExponentialFunction.cpp -Fo../../Intermediate/Environment/Mathematics/Functions/ReversedExponentialFunction.obj 
         ReversedExponentialFunction.cpp
         #else
         #	@cl.exe -I../../Source/Environment/File/Classes/ -I../../Source/Environment/Mathematics/DataStructures/Classes/ -I../../Source/Environment/Mathematics/Functions/Classes/ -I../../Source/Environment/Mathematics/Random/Classes/ -I../../Source/Environment/Reflection/NameAttribute/Classes/ -I../../Source/Environment/Reflection/TypeAttribute/Classes/ -I../../Source/Environment/Thread/Classes/ -I../../Source/Environment/File/Public/ -I../../Source/Environment/Mathematics/DataStructures/Public/ -I../../Source/Environment/Mathematics/Functions/Public/ -I../../Source/Environment/Mathematics/Random/Public/ -I../../Source/Environment/Reflection/NameAttribute/Public/ -I../../Source/Environment/Reflection/TypeAttribute/Public/ -I../../Source/Environment/Thread/Public/  -Zi -nologo -EHsc -Ddef_CCCL -Od -c  -o ../../Intermediate/Environment/Mathematics/Functions/ReversedExponentialFunction.obj
         #endif
         echo Environment \> Compiling... LinearFunction.obj
         Environment > Compiling... LinearFunction.obj
         #ifdef def_IDE_VisualStudio
         cl.exe -I../../Source/Environment/File/Classes/ -I../../Source/Environment/Mathematics/DataStructures/Classes/ -I../../Source/Environment/Mathematics/Functions/Classes/ -I../../Source/Environment/Mathematics/Random/Classes/ -I../../Source/Environment/Reflection/NameAttribute/Classes/ -I../../Source/Environment/Reflection/TypeAttribute/Classes/ -I../../Source/Environment/Thread/Classes/ -I../../Source/Environment/File/Public/ -I../../Source/Environment/Mathematics/DataStructures/Public/ -I../../Source/Environment/Mathematics/Functions/Public/ -I../../Source/Environment/Mathematics/Random/Public/ -I../../Source/Environment/Reflection/NameAttribute/Public/ -I../../Source/Environment/Reflection/TypeAttribute/Public/ -I../../Source/Environment/Thread/Public/  -Zi -nologo -EHsc -Ddef_CCCL -Od -c ../../Source/Environment/Mathematics/Functions/Private/LinearFunction.cpp -Fo../../Intermediate/Environment/Mathematics/Functions/LinearFunction.obj 
         LinearFunction.cpp
         #else
         #	@cl.exe -I../../Source/Environment/File/Classes/ -I../../Source/Environment/Mathematics/DataStructures/Classes/ -I../../Source/Environment/Mathematics/Functions/Classes/ -I../../Source/Environment/Mathematics/Random/Classes/ -I../../Source/Environment/Reflection/NameAttribute/Classes/ -I../../Source/Environment/Reflection/TypeAttribute/Classes/ -I../../Source/Environment/Thread/Classes/ -I../../Source/Environment/File/Public/ -I../../Source/Environment/Mathematics/DataStructures/Public/ -I../../Source/Environment/Mathematics/Functions/Public/ -I../../Source/Environment/Mathematics/Random/Public/ -I../../Source/Environment/Reflection/NameAttribute/Public/ -I../../Source/Environment/Reflection/TypeAttribute/Public/ -I../../Source/Environment/Thread/Public/  -Zi -nologo -EHsc -Ddef_CCCL -Od -c  -o ../../Intermediate/Environment/Mathematics/Functions/LinearFunction.obj
         #endif
         echo Environment \> Compiling... ExponentialFunction.obj
         Environment > Compiling... ExponentialFunction.obj
         #ifdef def_IDE_VisualStudio
         cl.exe -I../../Source/Environment/File/Classes/ -I../../Source/Environment/Mathematics/DataStructures/Classes/ -I../../Source/Environment/Mathematics/Functions/Classes/ -I../../Source/Environment/Mathematics/Random/Classes/ -I../../Source/Environment/Reflection/NameAttribute/Classes/ -I../../Source/Environment/Reflection/TypeAttribute/Classes/ -I../../Source/Environment/Thread/Classes/ -I../../Source/Environment/File/Public/ -I../../Source/Environment/Mathematics/DataStructures/Public/ -I../../Source/Environment/Mathematics/Functions/Public/ -I../../Source/Environment/Mathematics/Random/Public/ -I../../Source/Environment/Reflection/NameAttribute/Public/ -I../../Source/Environment/Reflection/TypeAttribute/Public/ -I../../Source/Environment/Thread/Public/  -Zi -nologo -EHsc -Ddef_CCCL -Od -c ../../Source/Environment/Mathematics/Functions/Private/ExponentialFunction.cpp -Fo../../Intermediate/Environment/Mathematics/Functions/ExponentialFunction.obj 
         ExponentialFunction.cpp
         #else
         #	@cl.exe -I../../Source/Environment/File/Classes/ -I../../Source/Environment/Mathematics/DataStructures/Classes/ -I../../Source/Environment/Mathematics/Functions/Classes/ -I../../Source/Environment/Mathematics/Random/Classes/ -I../../Source/Environment/Reflection/NameAttribute/Classes/ -I../../Source/Environment/Reflection/TypeAttribute/Classes/ -I../../Source/Environment/Thread/Classes/ -I../../Source/Environment/File/Public/ -I../../Source/Environment/Mathematics/DataStructures/Public/ -I../../Source/Environment/Mathematics/Functions/Public/ -I../../Source/Environment/Mathematics/Random/Public/ -I../../Source/Environment/Reflection/NameAttribute/Public/ -I../../Source/Environment/Reflection/TypeAttribute/Public/ -I../../Source/Environment/Thread/Public/  -Zi -nologo -EHsc -Ddef_CCCL -Od -c  -o ../../Intermediate/Environment/Mathematics/Functions/ExponentialFunction.obj
         #endif
         echo Environment \> Compiling... Random.obj
         Environment > Compiling... Random.obj
         #ifdef def_IDE_VisualStudio
         cl.exe -I../../Source/Environment/File/Classes/ -I../../Source/Environment/Mathematics/DataStructures/Classes/ -I../../Source/Environment/Mathematics/Functions/Classes/ -I../../Source/Environment/Mathematics/Random/Classes/ -I../../Source/Environment/Reflection/NameAttribute/Classes/ -I../../Source/Environment/Reflection/TypeAttribute/Classes/ -I../../Source/Environment/Thread/Classes/ -I../../Source/Environment/File/Public/ -I../../Source/Environment/Mathematics/DataStructures/Public/ -I../../Source/Environment/Mathematics/Functions/Public/ -I../../Source/Environment/Mathematics/Random/Public/ -I../../Source/Environment/Reflection/NameAttribute/Public/ -I../../Source/Environment/Reflection/TypeAttribute/Public/ -I../../Source/Environment/Thread/Public/  -Zi -nologo -EHsc -Ddef_CCCL -Od -c ../../Source/Environment/Mathematics/Random/Private/Random.cpp -Fo../../Intermediate/Environment/Mathematics/Random/Random.obj 
         Random.cpp
     1>c:\users\user\git\soiastd\soia\source\environment\mathematics\random\private\random.cpp(55): warning C4700: uninitialized local variable 'sum' used
         #else
         #	@cl.exe -I../../Source/Environment/File/Classes/ -I../../Source/Environment/Mathematics/DataStructures/Classes/ -I../../Source/Environment/Mathematics/Functions/Classes/ -I../../Source/Environment/Mathematics/Random/Classes/ -I../../Source/Environment/Reflection/NameAttribute/Classes/ -I../../Source/Environment/Reflection/TypeAttribute/Classes/ -I../../Source/Environment/Thread/Classes/ -I../../Source/Environment/File/Public/ -I../../Source/Environment/Mathematics/DataStructures/Public/ -I../../Source/Environment/Mathematics/Functions/Public/ -I../../Source/Environment/Mathematics/Random/Public/ -I../../Source/Environment/Reflection/NameAttribute/Public/ -I../../Source/Environment/Reflection/TypeAttribute/Public/ -I../../Source/Environment/Thread/Public/  -Zi -nologo -EHsc -Ddef_CCCL -Od -c  -o ../../Intermediate/Environment/Mathematics/Random/Random.obj
         #endif
         echo Environment \> Compiling... VoidPointer.obj
         Environment > Compiling... VoidPointer.obj
         #ifdef def_IDE_VisualStudio
         cl.exe -I../../Source/Environment/File/Classes/ -I../../Source/Environment/Mathematics/DataStructures/Classes/ -I../../Source/Environment/Mathematics/Functions/Classes/ -I../../Source/Environment/Mathematics/Random/Classes/ -I../../Source/Environment/Reflection/NameAttribute/Classes/ -I../../Source/Environment/Reflection/TypeAttribute/Classes/ -I../../Source/Environment/Thread/Classes/ -I../../Source/Environment/File/Public/ -I../../Source/Environment/Mathematics/DataStructures/Public/ -I../../Source/Environment/Mathematics/Functions/Public/ -I../../Source/Environment/Mathematics/Random/Public/ -I../../Source/Environment/Reflection/NameAttribute/Public/ -I../../Source/Environment/Reflection/TypeAttribute/Public/ -I../../Source/Environment/Thread/Public/  -Zi -nologo -EHsc -Ddef_CCCL -Od -c ../../Source/Environment/Reflection/TypeAttribute/Private/VoidPointer.cpp -Fo../../Intermediate/Environment/Reflection/TypeAttribute/VoidPointer.obj 
         VoidPointer.cpp
         #else
         #	@cl.exe -I../../Source/Environment/File/Classes/ -I../../Source/Environment/Mathematics/DataStructures/Classes/ -I../../Source/Environment/Mathematics/Functions/Classes/ -I../../Source/Environment/Mathematics/Random/Classes/ -I../../Source/Environment/Reflection/NameAttribute/Classes/ -I../../Source/Environment/Reflection/TypeAttribute/Classes/ -I../../Source/Environment/Thread/Classes/ -I../../Source/Environment/File/Public/ -I../../Source/Environment/Mathematics/DataStructures/Public/ -I../../Source/Environment/Mathematics/Functions/Public/ -I../../Source/Environment/Mathematics/Random/Public/ -I../../Source/Environment/Reflection/NameAttribute/Public/ -I../../Source/Environment/Reflection/TypeAttribute/Public/ -I../../Source/Environment/Thread/Public/  -Zi -nologo -EHsc -Ddef_CCCL -Od -c  -o ../../Intermediate/Environment/Reflection/TypeAttribute/VoidPointer.obj
         #endif
         echo Environment \> Compiling... Thread.obj
         Environment > Compiling... Thread.obj
         #ifdef def_IDE_VisualStudio
         cl.exe -I../../Source/Environment/File/Classes/ -I../../Source/Environment/Mathematics/DataStructures/Classes/ -I../../Source/Environment/Mathematics/Functions/Classes/ -I../../Source/Environment/Mathematics/Random/Classes/ -I../../Source/Environment/Reflection/NameAttribute/Classes/ -I../../Source/Environment/Reflection/TypeAttribute/Classes/ -I../../Source/Environment/Thread/Classes/ -I../../Source/Environment/File/Public/ -I../../Source/Environment/Mathematics/DataStructures/Public/ -I../../Source/Environment/Mathematics/Functions/Public/ -I../../Source/Environment/Mathematics/Random/Public/ -I../../Source/Environment/Reflection/NameAttribute/Public/ -I../../Source/Environment/Reflection/TypeAttribute/Public/ -I../../Source/Environment/Thread/Public/  -Zi -nologo -EHsc -Ddef_CCCL -Od -c ../../Source/Environment/Thread/Private/Thread.cpp -Fo../../Intermediate/Environment/Thread/Thread.obj 
         Thread.cpp
         #else
         #	@cl.exe -I../../Source/Environment/File/Classes/ -I../../Source/Environment/Mathematics/DataStructures/Classes/ -I../../Source/Environment/Mathematics/Functions/Classes/ -I../../Source/Environment/Mathematics/Random/Classes/ -I../../Source/Environment/Reflection/NameAttribute/Classes/ -I../../Source/Environment/Reflection/TypeAttribute/Classes/ -I../../Source/Environment/Thread/Classes/ -I../../Source/Environment/File/Public/ -I../../Source/Environment/Mathematics/DataStructures/Public/ -I../../Source/Environment/Mathematics/Functions/Public/ -I../../Source/Environment/Mathematics/Random/Public/ -I../../Source/Environment/Reflection/NameAttribute/Public/ -I../../Source/Environment/Reflection/TypeAttribute/Public/ -I../../Source/Environment/Thread/Public/  -Zi -nologo -EHsc -Ddef_CCCL -Od -c  -o ../../Intermediate/Environment/Thread/Thread.obj
         #endif
         echo Environment \> Linking...
         Environment > Linking...
         cl.exe -LD -Fe../../Binaries/Environment.dll ../../Intermediate/Environment/File/File.obj ../../Intermediate/Environment/Mathematics/Functions/ReversedExponentialFunction.obj ../../Intermediate/Environment/Mathematics/Functions/LinearFunction.obj ../../Intermediate/Environment/Mathematics/Functions/ExponentialFunction.obj ../../Intermediate/Environment/Mathematics/Random/Random.obj ../../Intermediate/Environment/Reflection/TypeAttribute/VoidPointer.obj ../../Intermediate/Environment/Thread/Thread.obj -L../../Binaries/  
         Microsoft (R) C/C++ Optimizing Compiler Version 18.00.31101 for x86
         Copyright (C) Microsoft Corporation.  All rights reserved.
         
     1>cl : Command line warning D9002: ignoring unknown option '-L../../Binaries/'
         Microsoft (R) Incremental Linker Version 12.00.31101.0
         Copyright (C) Microsoft Corporation.  All rights reserved.
         
         /dll 
         /implib:../../Binaries/Environment.lib 
         /out:../../Binaries/Environment.dll 
         ../../Intermediate/Environment/File/File.obj 
         ../../Intermediate/Environment/Mathematics/Functions/ReversedExponentialFunction.obj 
         ../../Intermediate/Environment/Mathematics/Functions/LinearFunction.obj 
         ../../Intermediate/Environment/Mathematics/Functions/ExponentialFunction.obj 
         ../../Intermediate/Environment/Mathematics/Random/Random.obj 
         ../../Intermediate/Environment/Reflection/TypeAttribute/VoidPointer.obj 
         ../../Intermediate/Environment/Thread/Thread.obj 
         make[1]: Leaving directory '/c/Users/User/Git/SOIAstd/SOIA/Source/Environment'
         make: Leaving directory '/c/Users/User/Git/SOIAstd/SOIA/Source'
     1>Done Building Project "C:\Users\User\Git\SOIAstd\SOIA\Source\Environment\Environment.vcxproj" (Rebuild target(s)).

Build succeeded.

Time Elapsed 00:00:03.50
